[0.109s] DEBUG:colcon:Command line arguments: ['/usr/bin/colcon', 'build', '--symlink-install']
[0.109s] DEBUG:colcon:Parsed command line arguments: Namespace(log_base=None, log_level=None, verb_name='build', build_base='build', install_base='install', merge_install=False, symlink_install=True, test_result_base=None, continue_on_error=False, executor='parallel', parallel_workers=8, event_handlers=None, ignore_user_meta=False, metas=['./colcon.meta'], base_paths=['.'], packages_ignore=None, packages_ignore_regex=None, paths=None, packages_up_to=None, packages_up_to_regex=None, packages_above=None, packages_above_and_dependencies=None, packages_above_depth=None, packages_select_by_dep=None, packages_skip_by_dep=None, packages_skip_up_to=None, packages_select_build_failed=False, packages_skip_build_finished=False, packages_select_test_failures=False, packages_skip_test_passed=False, packages_select=None, packages_skip=None, packages_select_regex=None, packages_skip_regex=None, packages_start=None, packages_end=None, allow_overriding=[], cmake_args=None, cmake_target=None, cmake_target_skip_unavailable=False, cmake_clean_cache=False, cmake_clean_first=False, cmake_force_configure=False, ament_cmake_args=None, catkin_cmake_args=None, catkin_skip_building_tests=False, verb_parser=<colcon_defaults.argument_parser.defaults.DefaultArgumentsDecorator object at 0x7210395480d0>, verb_extension=<colcon_core.verb.build.BuildVerb object at 0x72103964cbe0>, main=<bound method BuildVerb.main of <colcon_core.verb.build.BuildVerb object at 0x72103964cbe0>>)
[0.292s] Level 1:colcon.colcon_core.package_discovery:discover_packages(colcon_meta) check parameters
[0.292s] Level 1:colcon.colcon_core.package_discovery:discover_packages(recursive) check parameters
[0.292s] Level 1:colcon.colcon_core.package_discovery:discover_packages(ignore) check parameters
[0.292s] Level 1:colcon.colcon_core.package_discovery:discover_packages(path) check parameters
[0.292s] Level 1:colcon.colcon_core.package_discovery:discover_packages(colcon_meta) discover
[0.292s] Level 1:colcon.colcon_core.package_discovery:discover_packages(recursive) discover
[0.292s] INFO:colcon.colcon_core.package_discovery:Crawling recursively for packages in '/home/chintu/devws/src/gnana_gamya/gnana_gamya'
[0.292s] Level 1:colcon.colcon_core.package_identification:_identify(.) by extensions ['ignore', 'ignore_ament_install']
[0.293s] Level 1:colcon.colcon_core.package_identification:_identify(.) by extension 'ignore'
[0.293s] Level 1:colcon.colcon_core.package_identification:_identify(.) by extension 'ignore_ament_install'
[0.293s] Level 1:colcon.colcon_core.package_identification:_identify(.) by extensions ['colcon_pkg']
[0.293s] Level 1:colcon.colcon_core.package_identification:_identify(.) by extension 'colcon_pkg'
[0.293s] Level 1:colcon.colcon_core.package_identification:_identify(.) by extensions ['colcon_meta']
[0.293s] Level 1:colcon.colcon_core.package_identification:_identify(.) by extension 'colcon_meta'
[0.293s] Level 1:colcon.colcon_core.package_identification:_identify(.) by extensions ['ros']
[0.293s] Level 1:colcon.colcon_core.package_identification:_identify(.) by extension 'ros'
[0.306s] DEBUG:colcon.colcon_core.package_identification:Package '.' with type 'ros.ament_cmake' and name 'gnana_gamya'
[0.306s] Level 1:colcon.colcon_core.package_discovery:discover_packages(recursive) using defaults
[0.306s] Level 1:colcon.colcon_core.package_discovery:discover_packages(ignore) discover
[0.307s] Level 1:colcon.colcon_core.package_discovery:discover_packages(ignore) using defaults
[0.307s] Level 1:colcon.colcon_core.package_discovery:discover_packages(path) discover
[0.307s] Level 1:colcon.colcon_core.package_discovery:discover_packages(path) using defaults
[0.326s] Level 1:colcon.colcon_core.package_discovery:discover_packages(prefix_path) check parameters
[0.326s] Level 1:colcon.colcon_core.package_discovery:discover_packages(prefix_path) discover
[0.328s] DEBUG:colcon.colcon_installed_package_information.package_discovery:Found 1 installed packages in /home/chintu/ros2ws/install
[0.329s] DEBUG:colcon.colcon_installed_package_information.package_discovery:Found 273 installed packages in /opt/ros/humble
[0.331s] Level 1:colcon.colcon_core.package_discovery:discover_packages(prefix_path) using defaults
[0.379s] Level 5:colcon.colcon_core.verb:set package 'gnana_gamya' build argument 'cmake_args' from command line to 'None'
[0.380s] Level 5:colcon.colcon_core.verb:set package 'gnana_gamya' build argument 'cmake_target' from command line to 'None'
[0.380s] Level 5:colcon.colcon_core.verb:set package 'gnana_gamya' build argument 'cmake_target_skip_unavailable' from command line to 'False'
[0.380s] Level 5:colcon.colcon_core.verb:set package 'gnana_gamya' build argument 'cmake_clean_cache' from command line to 'False'
[0.380s] Level 5:colcon.colcon_core.verb:set package 'gnana_gamya' build argument 'cmake_clean_first' from command line to 'False'
[0.380s] Level 5:colcon.colcon_core.verb:set package 'gnana_gamya' build argument 'cmake_force_configure' from command line to 'False'
[0.380s] Level 5:colcon.colcon_core.verb:set package 'gnana_gamya' build argument 'ament_cmake_args' from command line to 'None'
[0.380s] Level 5:colcon.colcon_core.verb:set package 'gnana_gamya' build argument 'catkin_cmake_args' from command line to 'None'
[0.380s] Level 5:colcon.colcon_core.verb:set package 'gnana_gamya' build argument 'catkin_skip_building_tests' from command line to 'False'
[0.380s] DEBUG:colcon.colcon_core.verb:Building package 'gnana_gamya' with the following arguments: {'ament_cmake_args': None, 'build_base': '/home/chintu/devws/src/gnana_gamya/gnana_gamya/build/gnana_gamya', 'catkin_cmake_args': None, 'catkin_skip_building_tests': False, 'cmake_args': None, 'cmake_clean_cache': False, 'cmake_clean_first': False, 'cmake_force_configure': False, 'cmake_target': None, 'cmake_target_skip_unavailable': False, 'install_base': '/home/chintu/devws/src/gnana_gamya/gnana_gamya/install/gnana_gamya', 'merge_install': False, 'path': '/home/chintu/devws/src/gnana_gamya/gnana_gamya', 'symlink_install': True, 'test_result_base': None}
[0.380s] INFO:colcon.colcon_core.executor:Executing jobs using 'parallel' executor
[0.381s] DEBUG:colcon.colcon_parallel_executor.executor.parallel:run_until_complete
[0.381s] INFO:colcon.colcon_ros.task.ament_cmake.build:Building ROS package in '/home/chintu/devws/src/gnana_gamya/gnana_gamya' with build type 'ament_cmake'
[0.381s] INFO:colcon.colcon_cmake.task.cmake.build:Building CMake package in '/home/chintu/devws/src/gnana_gamya/gnana_gamya'
[0.383s] INFO:colcon.colcon_core.plugin_system:Skipping extension 'colcon_core.shell.bat': Not used on non-Windows systems
[0.383s] INFO:colcon.colcon_core.shell:Skip shell extension 'powershell' for command environment: Not usable outside of PowerShell
[0.383s] DEBUG:colcon.colcon_core.shell:Skip shell extension 'dsv' for command environment
[0.393s] DEBUG:colcon.colcon_core.event_handler.log_command:Invoking command in '/home/chintu/devws/src/gnana_gamya/gnana_gamya/build/gnana_gamya': CMAKE_PREFIX_PATH=/home/chintu/ros2ws/install/my_robot_controller:/opt/ros/humble /usr/bin/cmake --build /home/chintu/devws/src/gnana_gamya/gnana_gamya/build/gnana_gamya -- -j8 -l8
[0.426s] DEBUG:colcon.colcon_core.event_handler.log_command:Invoked command in '/home/chintu/devws/src/gnana_gamya/gnana_gamya/build/gnana_gamya' returned '0': CMAKE_PREFIX_PATH=/home/chintu/ros2ws/install/my_robot_controller:/opt/ros/humble /usr/bin/cmake --build /home/chintu/devws/src/gnana_gamya/gnana_gamya/build/gnana_gamya -- -j8 -l8
[0.453s] DEBUG:colcon.colcon_core.event_handler.log_command:Invoking command in '/home/chintu/devws/src/gnana_gamya/gnana_gamya/build/gnana_gamya': CMAKE_PREFIX_PATH=/home/chintu/ros2ws/install/my_robot_controller:/opt/ros/humble /usr/bin/cmake --install /home/chintu/devws/src/gnana_gamya/gnana_gamya/build/gnana_gamya
[0.471s] Level 1:colcon.colcon_core.environment:create_environment_scripts_only(gnana_gamya)
[0.472s] DEBUG:colcon.colcon_core.event_handler.log_command:Invoked command in '/home/chintu/devws/src/gnana_gamya/gnana_gamya/build/gnana_gamya' returned '0': CMAKE_PREFIX_PATH=/home/chintu/ros2ws/install/my_robot_controller:/opt/ros/humble /usr/bin/cmake --install /home/chintu/devws/src/gnana_gamya/gnana_gamya/build/gnana_gamya
[0.474s] Level 1:colcon.colcon_core.environment:checking '/home/chintu/devws/src/gnana_gamya/gnana_gamya/install/gnana_gamya' for CMake module files
[0.475s] Level 1:colcon.colcon_core.environment:checking '/home/chintu/devws/src/gnana_gamya/gnana_gamya/install/gnana_gamya' for CMake config files
[0.475s] Level 1:colcon.colcon_core.shell:create_environment_hook('gnana_gamya', 'cmake_prefix_path')
[0.475s] INFO:colcon.colcon_core.shell:Creating environment hook '/home/chintu/devws/src/gnana_gamya/gnana_gamya/install/gnana_gamya/share/gnana_gamya/hook/cmake_prefix_path.ps1'
[0.476s] INFO:colcon.colcon_core.shell:Creating environment descriptor '/home/chintu/devws/src/gnana_gamya/gnana_gamya/install/gnana_gamya/share/gnana_gamya/hook/cmake_prefix_path.dsv'
[0.476s] INFO:colcon.colcon_core.shell:Creating environment hook '/home/chintu/devws/src/gnana_gamya/gnana_gamya/install/gnana_gamya/share/gnana_gamya/hook/cmake_prefix_path.sh'
[0.477s] Level 1:colcon.colcon_core.environment:checking '/home/chintu/devws/src/gnana_gamya/gnana_gamya/install/gnana_gamya/bin'
[0.477s] Level 1:colcon.colcon_core.environment:checking '/home/chintu/devws/src/gnana_gamya/gnana_gamya/install/gnana_gamya/lib/pkgconfig/gnana_gamya.pc'
[0.477s] Level 1:colcon.colcon_core.environment:checking '/home/chintu/devws/src/gnana_gamya/gnana_gamya/install/gnana_gamya/lib/python3.10/site-packages'
[0.477s] Level 1:colcon.colcon_core.environment:checking '/home/chintu/devws/src/gnana_gamya/gnana_gamya/install/gnana_gamya/bin'
[0.477s] INFO:colcon.colcon_core.shell:Creating package script '/home/chintu/devws/src/gnana_gamya/gnana_gamya/install/gnana_gamya/share/gnana_gamya/package.ps1'
[0.478s] INFO:colcon.colcon_core.shell:Creating package descriptor '/home/chintu/devws/src/gnana_gamya/gnana_gamya/install/gnana_gamya/share/gnana_gamya/package.dsv'
[0.479s] INFO:colcon.colcon_core.shell:Creating package script '/home/chintu/devws/src/gnana_gamya/gnana_gamya/install/gnana_gamya/share/gnana_gamya/package.sh'
[0.479s] INFO:colcon.colcon_core.shell:Creating package script '/home/chintu/devws/src/gnana_gamya/gnana_gamya/install/gnana_gamya/share/gnana_gamya/package.bash'
[0.480s] INFO:colcon.colcon_core.shell:Creating package script '/home/chintu/devws/src/gnana_gamya/gnana_gamya/install/gnana_gamya/share/gnana_gamya/package.zsh'
[0.480s] Level 1:colcon.colcon_core.environment:create_file_with_runtime_dependencies(/home/chintu/devws/src/gnana_gamya/gnana_gamya/install/gnana_gamya/share/colcon-core/packages/gnana_gamya)
[0.500s] Level 1:colcon.colcon_core.environment:create_environment_scripts_only(gnana_gamya)
[0.500s] Level 1:colcon.colcon_core.environment:checking '/home/chintu/devws/src/gnana_gamya/gnana_gamya/install/gnana_gamya' for CMake module files
[0.501s] Level 1:colcon.colcon_core.environment:checking '/home/chintu/devws/src/gnana_gamya/gnana_gamya/install/gnana_gamya' for CMake config files
[0.501s] Level 1:colcon.colcon_core.shell:create_environment_hook('gnana_gamya', 'cmake_prefix_path')
[0.501s] INFO:colcon.colcon_core.shell:Creating environment hook '/home/chintu/devws/src/gnana_gamya/gnana_gamya/install/gnana_gamya/share/gnana_gamya/hook/cmake_prefix_path.ps1'
[0.502s] INFO:colcon.colcon_core.shell:Creating environment descriptor '/home/chintu/devws/src/gnana_gamya/gnana_gamya/install/gnana_gamya/share/gnana_gamya/hook/cmake_prefix_path.dsv'
[0.502s] INFO:colcon.colcon_core.shell:Creating environment hook '/home/chintu/devws/src/gnana_gamya/gnana_gamya/install/gnana_gamya/share/gnana_gamya/hook/cmake_prefix_path.sh'
[0.502s] Level 1:colcon.colcon_core.environment:checking '/home/chintu/devws/src/gnana_gamya/gnana_gamya/install/gnana_gamya/bin'
[0.502s] Level 1:colcon.colcon_core.environment:checking '/home/chintu/devws/src/gnana_gamya/gnana_gamya/install/gnana_gamya/lib/pkgconfig/gnana_gamya.pc'
[0.503s] Level 1:colcon.colcon_core.environment:checking '/home/chintu/devws/src/gnana_gamya/gnana_gamya/install/gnana_gamya/lib/python3.10/site-packages'
[0.503s] Level 1:colcon.colcon_core.environment:checking '/home/chintu/devws/src/gnana_gamya/gnana_gamya/install/gnana_gamya/bin'
[0.503s] INFO:colcon.colcon_core.shell:Creating package script '/home/chintu/devws/src/gnana_gamya/gnana_gamya/install/gnana_gamya/share/gnana_gamya/package.ps1'
[0.504s] INFO:colcon.colcon_core.shell:Creating package descriptor '/home/chintu/devws/src/gnana_gamya/gnana_gamya/install/gnana_gamya/share/gnana_gamya/package.dsv'
[0.504s] INFO:colcon.colcon_core.shell:Creating package script '/home/chintu/devws/src/gnana_gamya/gnana_gamya/install/gnana_gamya/share/gnana_gamya/package.sh'
[0.504s] INFO:colcon.colcon_core.shell:Creating package script '/home/chintu/devws/src/gnana_gamya/gnana_gamya/install/gnana_gamya/share/gnana_gamya/package.bash'
[0.505s] INFO:colcon.colcon_core.shell:Creating package script '/home/chintu/devws/src/gnana_gamya/gnana_gamya/install/gnana_gamya/share/gnana_gamya/package.zsh'
[0.505s] Level 1:colcon.colcon_core.environment:create_file_with_runtime_dependencies(/home/chintu/devws/src/gnana_gamya/gnana_gamya/install/gnana_gamya/share/colcon-core/packages/gnana_gamya)
[0.505s] DEBUG:colcon.colcon_parallel_executor.executor.parallel:closing loop
[0.506s] DEBUG:colcon.colcon_parallel_executor.executor.parallel:loop closed
[0.506s] DEBUG:colcon.colcon_parallel_executor.executor.parallel:run_until_complete finished with '0'
[0.506s] DEBUG:colcon.colcon_core.event_reactor:joining thread
[0.511s] INFO:colcon.colcon_core.plugin_system:Skipping extension 'colcon_notification.desktop_notification.terminal_notifier': Not used on non-Darwin systems
[0.511s] INFO:colcon.colcon_core.plugin_system:Skipping extension 'colcon_notification.desktop_notification.win32': Not used on non-Windows systems
[0.511s] INFO:colcon.colcon_notification.desktop_notification:Sending desktop notification using 'notify2'
[0.522s] DEBUG:colcon.colcon_core.event_reactor:joined thread
[0.523s] INFO:colcon.colcon_core.shell:Creating prefix script '/home/chintu/devws/src/gnana_gamya/gnana_gamya/install/local_setup.ps1'
[0.523s] INFO:colcon.colcon_core.shell:Creating prefix util module '/home/chintu/devws/src/gnana_gamya/gnana_gamya/install/_local_setup_util_ps1.py'
[0.525s] INFO:colcon.colcon_core.shell:Creating prefix chain script '/home/chintu/devws/src/gnana_gamya/gnana_gamya/install/setup.ps1'
[0.526s] INFO:colcon.colcon_core.shell:Creating prefix script '/home/chintu/devws/src/gnana_gamya/gnana_gamya/install/local_setup.sh'
[0.526s] INFO:colcon.colcon_core.shell:Creating prefix util module '/home/chintu/devws/src/gnana_gamya/gnana_gamya/install/_local_setup_util_sh.py'
[0.527s] INFO:colcon.colcon_core.shell:Creating prefix chain script '/home/chintu/devws/src/gnana_gamya/gnana_gamya/install/setup.sh'
[0.528s] INFO:colcon.colcon_core.shell:Creating prefix script '/home/chintu/devws/src/gnana_gamya/gnana_gamya/install/local_setup.bash'
[0.528s] INFO:colcon.colcon_core.shell:Creating prefix chain script '/home/chintu/devws/src/gnana_gamya/gnana_gamya/install/setup.bash'
[0.529s] INFO:colcon.colcon_core.shell:Creating prefix script '/home/chintu/devws/src/gnana_gamya/gnana_gamya/install/local_setup.zsh'
[0.530s] INFO:colcon.colcon_core.shell:Creating prefix chain script '/home/chintu/devws/src/gnana_gamya/gnana_gamya/install/setup.zsh'
